<?xml version="1.0" encoding="utf-8"?><testsuites name="pytest tests"><testsuite name="pytest" errors="0" failures="0" skipped="0" tests="10" time="0.944" timestamp="2026-05-18T20:46:22.498017+00:00" hostname="agent-env-fb91dc23-9bc6-444b-821c-a8c742a8f288"><testcase classname="backend.tests.test_osneakers_api.TestProducts" name="test_list_products_no_objectid" time="0.215" /><testcase classname="backend.tests.test_osneakers_api.TestProducts" name="test_filter_brand_nike" time="0.051" /><testcase classname="backend.tests.test_osneakers_api.TestProducts" name="test_price_range_sort_asc" time="0.049" /><testcase classname="backend.tests.test_osneakers_api.TestProducts" name="test_featured" time="0.049" /><testcase classname="backend.tests.test_osneakers_api.TestProducts" name="test_get_product_by_id" time="0.103" /><testcase classname="backend.tests.test_osneakers_api.TestProducts" name="test_get_product_404" time="0.054" /><testcase classname="backend.tests.test_osneakers_api.TestBrands" name="test_brands_sorted" time="0.052" /><testcase classname="backend.tests.test_osneakers_api.TestReviews" name="test_reviews_seeded" time="0.049" /><testcase classname="backend.tests.test_osneakers_api.TestOrders" name="test_create_and_get_order" time="0.164" /><testcase classname="backend.tests.test_osneakers_api.TestOrders" name="test_get_order_404" time="0.053" /></testsuite></testsuites>