<?xml version="1.0" encoding="utf-8"?><testsuites name="pytest tests"><testsuite name="pytest" errors="0" failures="0" skipped="0" tests="15" time="14.691" timestamp="2026-05-23T19:08:31.912127+00:00" hostname="agent-env-fb91dc23-9bc6-444b-821c-a8c742a8f288"><testcase classname="backend.tests.test_checkout_stripe.TestCheckoutValidation" name="test_empty_items_returns_400" time="0.195" /><testcase classname="backend.tests.test_checkout_stripe.TestCheckoutPricing" name="test_low_subtotal_charges_shipping" time="0.686" /><testcase classname="backend.tests.test_checkout_stripe.TestCheckoutPricing" name="test_high_subtotal_free_shipping" time="0.479" /><testcase classname="backend.tests.test_checkout_stripe.TestCheckoutPricing" name="test_discount_sneak10" time="0.517" /><testcase classname="backend.tests.test_checkout_stripe.TestCheckoutPricing" name="test_origin_url_respected" time="0.425" /><testcase classname="backend.tests.test_checkout_stripe.TestPersistence" name="test_session_creates_payment_transaction" time="5.992" /><testcase classname="backend.tests.test_checkout_stripe.TestIdempotency" name="test_double_status_poll_unpaid_no_side_effects" time="5.569" /><testcase classname="backend.tests.test_checkout_stripe.TestWebhook" name="test_webhook_invalid_body_returns_400" time="0.142" /><testcase classname="backend.tests.test_checkout_stripe.TestDiscountValidation" name="test_validate_sneak10" time="0.046" /><testcase classname="backend.tests.test_checkout_stripe.TestDiscountValidation" name="test_validate_invalid_code" time="0.054" /><testcase classname="backend.tests.test_checkout_stripe.TestOrderLookup" name="test_get_order_404" time="0.051" /><testcase classname="backend.tests.test_checkout_stripe.TestRegression" name="test_products_list" time="0.062" /><testcase classname="backend.tests.test_checkout_stripe.TestRegression" name="test_reviews_list" time="0.050" /><testcase classname="backend.tests.test_checkout_stripe.TestRegression" name="test_account_lookup_unknown" time="0.057" /><testcase classname="backend.tests.test_checkout_stripe.TestRegression" name="test_subscribe" time="0.302" /></testsuite></testsuites>